<?xml version="1.0" encoding="UTF-8"?>
<testng-results ignored="0" total="1" passed="1" failed="0" skipped="0">
  <reporter-output>
  </reporter-output>
  <suite started-at="2023-08-05T22:47:57 IST" name="Suite" finished-at="2023-08-05T22:48:02 IST" duration-ms="5164">
    <groups>
    </groups>
    <test started-at="2023-08-05T22:47:57 IST" name="Test" finished-at="2023-08-05T22:48:02 IST" duration-ms="5164">
      <class name="FBTests.FBLoginTests">
        <test-method is-config="true" signature="Startup()[pri:0, instance:FBTests.FBLoginTests@1f2586d6]" started-at="2023-08-05T22:47:57 IST" name="Startup" finished-at="2023-08-05T22:48:02 IST" duration-ms="4837" status="PASS">
          <reporter-output>
          </reporter-output>
        </test-method> <!-- Startup -->
        <test-method signature="FBLoginTest1231()[pri:0, instance:FBTests.FBLoginTests@1f2586d6]" started-at="2023-08-05T22:48:02 IST" name="FBLoginTest1231" finished-at="2023-08-05T22:48:02 IST" duration-ms="262" status="PASS">
          <reporter-output>
          </reporter-output>
        </test-method> <!-- FBLoginTest1231 -->
      </class> <!-- FBTests.FBLoginTests -->
    </test> <!-- Test -->
  </suite> <!-- Suite -->
</testng-results>
